Arguments: 
  C:\Program Files\nodejs\node.exe C:\Users\aiyan\AppData\Roaming\npm\node_modules\yarn\bin\yarn.js add express-async-error

PATH: 
  C:\Users\aiyan\bin;C:\Program Files\Git\mingw64\bin;C:\Program Files\Git\usr\local\bin;C:\Program Files\Git\usr\bin;C:\Program Files\Git\usr\bin;C:\Program Files\Git\mingw64\bin;C:\Program Files\Git\usr\bin;C:\Users\aiyan\bin;C:\Program Files\Common Files\Oracle\Java\javapath;C:\Python310\Scripts;C:\Python310;C:\Program Files (x86)\NVIDIA Corporation\PhysX\Common;C:\Program Files (x86)\Common Files\Oracle\Java\javapath;C:\WINDOWS\system32;C:\WINDOWS;C:\WINDOWS\System32\Wbem;C:\WINDOWS\System32\WindowsPowerShell\v1.0;C:\WINDOWS\System32\OpenSSH;C:\ProgramData\chocolatey\bin;C:\Program Files\dotnet;C:\Program Files\Git\cmd;C:\Program Files\Microsoft SQL Server\130\Tools\Binn;C:\Program Files\nodejs;C:\Program Files\GitHub CLI;C:\Program Files\MySQL\MySQL Shell 8.0\bin;C:\Program Files\Java\jre1.8.0_202\bin;C:\Program Files\Java\jdk-19\bin;C:\Program Files\Java\jdk-11.0.16\bin;C:\Users\aiyan\AppData\Local\Programs\Microsoft VS Code\bin;C:\Users\aiyan\AppData\Local\Programs\Hyper\resources\bin;C:\Users\aiyan\AppData\Local\GitHubDesktop\bin;C:\Program Files\PostgreSQL\15\bin;C:\Users\aiyan\AppData\Local\Microsoft\WindowsApps;C:\Program Files\JetBrains\PyCharm Community Edition 2022.1.2\bin;C:\Users\aiyan\.dotnet\tools;C:\Program Files\JetBrains\PyCharm 2022.1\bin;C:\Program Files\JetBrains\IntelliJ IDEA 2022.1\bin;C:\Users\aiyan\AppData\Local\Programs\mongosh;C:\Program Files\JetBrains\IntelliJ IDEA 2022.1\bin;C:\Program Files\JetBrains\WebStorm 2022.1\bin;C:\Program Files\JetBrains\PyCharm 2022.1\bin;C:\Program Files\MySQL\MySQL Server 8.0\bin;C:\Users\aiyan\AppData\Roaming\npm;C:\Program Files\JetBrains\IntelliJ IDEA Community Edition 2022.3.1\bin;C:\Program Files\Git\usr\bin\vendor_perl;C:\Program Files\Git\usr\bin\core_perl

Yarn version: 
  1.22.19

Node version: 
  18.12.1

Platform: 
  win32 x64

Trace: 
  Error: getaddrinfo EAI_AGAIN registry.yarnpkg.com
      at GetAddrInfoReqWrap.onlookup [as oncomplete] (node:dns:107:26)

npm manifest: 
  {
    "name": "store-api",
    "version": "1.0.0",
    "description": "",
    "main": "index.js",
    "scripts": {
      "test": "echo \"Error: no test specified\" && exit 1",
      "dev": "nodemon ./dist/index.js"
    },
    "keywords": [],
    "author": "",
    "license": "ISC",
    "dependencies": {
      "dotenv": "^16.0.3",
      "express": "^4.18.2",
      "mongoose": "^6.8.4"
    },
    "devDependencies": {
      "@types/express": "^4.17.15",
      "typescript": "^4.9.4"
    }
  }

yarn manifest: 
  No manifest

Lockfile: 
  No lockfile
